<?xml version="1.0" encoding="UTF-8"?>
<!-- Generated by org.testng.reporters.JUnitReportReporter -->
<testsuite hostname="Sakshi" failures="0" tests="1" name="demo.tests" time="6.945" errors="0" timestamp="2025-02-23T18:19:22 IST" skipped="0">
  <testcase classname="demo.tests" name="fs" time="6.945"/>
</testsuite> <!-- demo.tests -->
